<?xml version="1.0" encoding="UTF-8"?>
<!-- Generated by org.testng.reporters.JUnitReportReporter -->
<testsuite hostname="DESKTOP-3GN7VEI" failures="0" tests="1" name="Examples" time="3.101" errors="0" timestamp="2021-08-10T15:35:09 ART" skipped="0">
  <testcase classname="Examples" name="test_post" time="3.101"/>
  <system-out/>
</testsuite> <!-- Examples -->
