<?xml version="1.0" encoding="UTF-8"?>
<!-- Generated by org.testng.reporters.JUnitReportReporter -->
<testsuite hostname="DESKTOP-3GN7VEI" failures="0" tests="2" name="Teste01_GET" time="5.097" errors="0" timestamp="2021-08-09T15:14:07 ART" skipped="0">
  <testcase classname="Teste01_GET" name="test_02" time="1.766"/>
  <system-out/>
  <testcase classname="Teste01_GET" name="test_01" time="3.331"/>
  <system-out/>
</testsuite> <!-- Teste01_GET -->
