<?xml version="1.0" encoding="UTF-8"?>
<!-- Generated by org.testng.reporters.JUnitReportReporter -->
<testsuite hostname="DESKTOP-L48J747" failures="0" tests="1" name="APIs.APIWorker" time="3.541" errors="0" timestamp="2021-08-17T20:06:48 ART" skipped="0">
  <testcase classname="APIs.APIWorker" name="GET" time="3.541"/>
  <system-out/>
</testsuite> <!-- APIs.APIWorker -->
