<?xml version="1.0" encoding="UTF-8"?>
<!-- Generated by org.testng.reporters.JUnitReportReporter -->
<testsuite hostname="DESKTOP-L48J747" failures="0" tests="1" name="Tests_POST" time="2.622" errors="0" timestamp="2021-08-17T20:11:56 ART" skipped="0">
  <testcase classname="Tests_POST" name="test_3_post_Header" time="2.622"/>
  <system-out/>
</testsuite> <!-- Tests_POST -->
