<?xml version="1.0" encoding="UTF-8"?>
<!-- Generated by org.testng.reporters.JUnitReportReporter -->
<testsuite hostname="DESKTOP-3GN7VEI" failures="0" tests="1" name="APIs.APIWorker" time="3.838" errors="0" timestamp="2021-08-12T21:00:26 ART" skipped="0">
  <testcase classname="APIs.APIWorker" name="Test_Get" time="3.838"/>
  <system-out/>
</testsuite> <!-- APIs.APIWorker -->
