<?xml version="1.0" encoding="UTF-8"?>
<!-- Generated by org.testng.reporters.JUnitReportReporter -->
<testsuite hostname="DESKTOP-L48J747" failures="0" tests="1" name="APIs.APIWorker" time="4.018" errors="0" timestamp="2021-08-13T11:38:28 ART" skipped="0">
  <testcase classname="APIs.APIWorker" name="Test_Get" time="4.018"/>
  <system-out/>
</testsuite> <!-- APIs.APIWorker -->
