<?xml version="1.0" encoding="UTF-8"?>
<!-- Generated by org.testng.reporters.JUnitReportReporter -->
<testsuite hostname="DESKTOP-3GN7VEI" failures="0" tests="1" name="Tests_DELETE" time="2.698" errors="0" timestamp="2021-08-09T17:23:51 ART" skipped="0">
  <testcase classname="Tests_DELETE" name="test_delete" time="2.698"/>
  <system-out/>
</testsuite> <!-- Tests_DELETE -->
