<?xml version="1.0" encoding="UTF-8"?>
<!-- Generated by org.testng.reporters.JUnitReportReporter -->
<testsuite hostname="DESKTOP-3GN7VEI" failures="0" tests="1" name="Tests_PUT" time="2.737" errors="0" timestamp="2021-08-09T17:13:00 ART" skipped="0">
  <testcase classname="Tests_PUT" name="test_3_put" time="2.737"/>
  <system-out/>
</testsuite> <!-- Tests_PUT -->
