<?xml version="1.0" encoding="UTF-8"?>
<!-- Generated by org.testng.reporters.JUnitReportReporter -->
<testsuite hostname="DESKTOP-3GN7VEI" failures="0" tests="4" name="Tests_GET" time="3.726" errors="0" timestamp="2021-08-09T16:00:20 ART" skipped="0">
  <testcase classname="Tests_GET" name="test_statusCode" time="0.213"/>
  <system-out/>
  <testcase classname="Tests_GET" name="test_respCodeIdFN" time="0.967"/>
  <system-out/>
  <testcase classname="Tests_GET" name="test_responseEqual" time="0.270"/>
  <system-out/>
  <testcase classname="Tests_GET" name="test_printResponse" time="2.276"/>
  <system-out/>
</testsuite> <!-- Tests_GET -->
