<?xml version="1.0" encoding="UTF-8"?>
<!-- Generated by org.testng.reporters.JUnitReportReporter -->
<testsuite hostname="DESKTOP-3GN7VEI" failures="0" tests="2" name="Example_DataProvider" time="2.649" errors="0" timestamp="2021-08-11T16:18:59 ART" skipped="0">
  <testcase classname="Example_DataProvider" name="test_delete_DP" time="0.073"/>
  <system-out/>
  <testcase classname="Example_DataProvider" name="test_delete_DP" time="2.576"/>
  <system-out/>
</testsuite> <!-- Example_DataProvider -->
