<?xml version="1.0" encoding="UTF-8"?>
<!-- Generated by org.testng.reporters.JUnitReportReporter -->
<testsuite hostname="DESKTOP-3GN7VEI" failures="0" tests="1" name="Tests_POST" time="2.772" errors="0" timestamp="2021-08-09T16:49:32 ART" skipped="0">
  <testcase classname="Tests_POST" name="test_3_post_Header" time="2.772"/>
  <system-out/>
</testsuite> <!-- Tests_POST -->
